#
# There is insufficient memory for the Java Runtime Environment to continue.
# Native memory allocation (malloc) failed to allocate 1048576 bytes for AllocateHeap
# Possible reasons:
#   The system is out of physical RAM or swap space
#   The process is running with CompressedOops enabled, and the Java Heap may be blocking the growth of the native heap
# Possible solutions:
#   Reduce memory load on the system
#   Increase physical memory or swap space
#   Check if swap backing store is full
#   Decrease Java heap size (-Xmx/-Xms)
#   Decrease number of Java threads
#   Decrease Java thread stack sizes (-Xss)
#   Set larger code cache with -XX:ReservedCodeCacheSize=
#   JVM is running with Zero Based Compressed Oops mode in which the Java heap is
#     placed in the first 32GB address space. The Java Heap base address is the
#     maximum limit for the native heap growth. Please use -XX:HeapBaseMinAddress
#     to set the Java Heap base and to place the Java Heap above 32GB virtual address.
# This output file may be truncated or incomplete.
#
#  Out of Memory Error (allocation.cpp:44), pid=10856, tid=21932
#
# JRE version:  (17.0.4+8) (build )
# Java VM: OpenJDK 64-Bit Server VM (17.0.4+8-LTS, mixed mode, sharing, tiered, compressed oops, compressed class ptrs, g1 gc, windows-amd64)
# No core dump will be written. Minidumps are not enabled by default on client versions of Windows
#

---------------  S U M M A R Y ------------

Command Line: -ea -Didea.test.cyclic.buffer.size=1048576 -javaagent:C:\Program Files\JetBrains\IntelliJ IDEA 2022.2\lib\idea_rt.jar=55366:C:\Program Files\JetBrains\IntelliJ IDEA 2022.2\bin -Dfile.encoding=UTF-8 com.intellij.rt.junit.JUnitStarter -ideVersion5 -junit4 com.epam.rd.autotasks.SortingTest,testSortedArraysCase

Host: Intel(R) Core(TM) i7-10750H CPU @ 2.60GHz, 12 cores, 15G,  Windows 10 , 64 bit Build 19041 (10.0.19041.1889)
Time: Fri Sep  2 06:37:44 2022 West Asia Standard Time elapsed time: 0.007115 seconds (0d 0h 0m 0s)

---------------  T H R E A D  ---------------

Current thread (0x0000025a6d339ee0):  JavaThread "Unknown thread" [_thread_in_vm, id=21932, stack(0x00000092ed300000,0x00000092ed400000)]

Stack: [0x00000092ed300000,0x00000092ed400000]
Native frames: (J=compiled Java code, j=interpreted, Vv=VM code, C=native code)
V  [jvm.dll+0x64723a]
V  [jvm.dll+0x7f8894]
V  [jvm.dll+0x7fa04e]
V  [jvm.dll+0x7fa6a3]
V  [jvm.dll+0x234d38]
V  [jvm.dll+0xb7573]
V  [jvm.dll+0x2d1fde]
V  [jvm.dll+0x2ca370]
V  [jvm.dll+0x7cbea1]
V  [jvm.dll+0x353361]
V  [jvm.dll+0x7ac1ae]
V  [jvm.dll+0x3cec13]
V  [jvm.dll+0x3d0651]
C  [jli.dll+0x51af]
C  [ucrtbase.dll+0x21bb2]
C  [KERNEL32.DLL+0x17034]
C  [ntdll.dll+0x52651]


---------------  P R O C E S S  ---------------

Threads class SMR info:
_java_thread_list=0x00007ffcc7816718, length=0, elements={
}

Java Threads: ( => current thread )

Other Threads:
  0x0000025a6d3a4d70 GCTaskThread "GC Thread#0" [stack: 0x00000092ed400000,0x00000092ed500000] [id=21240]

[error occurred during error reporting (printing all threads), id 0xc0000005, EXCEPTION_ACCESS_VIOLATION (0xc0000005) at pc=0x00007ffcc70077b0]

VM state: not at safepoint (not fully initialized)

VM Mutex/Monitor currently owned by a thread:  ([mutex/lock_event])
[0x0000025a6d335420] Heap_lock - owner thread: 0x0000025a6d339ee0

Heap address: 0x0000000703a00000, size: 4038 MB, Compressed Oops mode: Zero based, Oop shift amount: 3

CDS archive(s) mapped at: [0x0000000000000000-0x0000000000000000-0x0000000000000000), size 0, SharedBaseAddress: 0x0000000800000000, ArchiveRelocationMode: 0.
Narrow klass base: 0x0000000000000000, Narrow klass shift: 0, Narrow klass range: 0x0

GC Precious Log:
<Empty>

Heap:
 garbage-first heap   total 0K, used 0K [0x0000000703a00000, 0x0000000800000000)
  region size 2048K, 0 young (0K), 0 survivors (0K)

[error occurred during error reporting (printing heap information), id 0xc0000005, EXCEPTION_ACCESS_VIOLATION (0xc0000005) at pc=0x00007ffcc73ced59]

GC Heap History (0 events):
No events

Deoptimization events (0 events):
No events

Classes unloaded (0 events):
No events

Classes redefined (0 events):
No events

Internal exceptions (0 events):
No events

VM Operations (0 events):
No events

Events (1 events):
Event: 0.005 Loaded shared library C:\Users\user\.jdks\corretto-17.0.4\bin\java.dll


Dynamic libraries:
0x00007ff7ed350000 - 0x00007ff7ed35d000 	C:\Users\user\.jdks\corretto-17.0.4\bin\java.exe
0x00007ffd447d0000 - 0x00007ffd449c8000 	C:\Windows\SYSTEM32\ntdll.dll
0x00007ffd42ea0000 - 0x00007ffd42f5d000 	C:\Windows\System32\KERNEL32.DLL
0x00007ffd422f0000 - 0x00007ffd425be000 	C:\Windows\System32\KERNELBASE.dll
0x00007ffd42610000 - 0x00007ffd42710000 	C:\Windows\System32\ucrtbase.dll
0x00007ffd40010000 - 0x00007ffd40028000 	C:\Users\user\.jdks\corretto-17.0.4\bin\jli.dll
0x00007ffd3a680000 - 0x00007ffd3a695000 	C:\Users\user\.jdks\corretto-17.0.4\bin\VCRUNTIME140.dll
0x00007ffd42c40000 - 0x00007ffd42de0000 	C:\Windows\System32\USER32.dll
0x00007ffd41300000 - 0x00007ffd4159a000 	C:\Windows\WinSxS\amd64_microsoft.windows.common-controls_6595b64144ccf1df_6.0.19041.1110_none_60b5254171f9507e\COMCTL32.dll
0x00007ffd41f20000 - 0x00007ffd41f42000 	C:\Windows\System32\win32u.dll
0x00007ffd43bd0000 - 0x00007ffd43c6e000 	C:\Windows\System32\msvcrt.dll
0x00007ffd43310000 - 0x00007ffd4333a000 	C:\Windows\System32\GDI32.dll
0x00007ffd421e0000 - 0x00007ffd422eb000 	C:\Windows\System32\gdi32full.dll
0x00007ffd41f50000 - 0x00007ffd41fed000 	C:\Windows\System32\msvcp_win.dll
0x00007ffd42de0000 - 0x00007ffd42e10000 	C:\Windows\System32\IMM32.DLL
0x00007ffd019d0000 - 0x00007ffd01a6b000 	C:\Users\user\.jdks\corretto-17.0.4\bin\msvcp140.dll
0x00007ffcc6d30000 - 0x00007ffcc7944000 	C:\Users\user\.jdks\corretto-17.0.4\bin\server\jvm.dll
0x00007ffd43d90000 - 0x00007ffd43e3e000 	C:\Windows\System32\ADVAPI32.dll
0x00007ffd43b30000 - 0x00007ffd43bcc000 	C:\Windows\System32\sechost.dll
0x00007ffd42f70000 - 0x00007ffd43095000 	C:\Windows\System32\RPCRT4.dll
0x00007ffd42f60000 - 0x00007ffd42f68000 	C:\Windows\System32\PSAPI.DLL
0x00007ffd20450000 - 0x00007ffd20459000 	C:\Windows\SYSTEM32\WSOCK32.dll
0x00007ffd22520000 - 0x00007ffd22547000 	C:\Windows\SYSTEM32\WINMM.dll
0x00007ffd3a470000 - 0x00007ffd3a47a000 	C:\Windows\SYSTEM32\VERSION.dll
0x00007ffd432a0000 - 0x00007ffd4330b000 	C:\Windows\System32\WS2_32.dll
0x00007ffd3f2f0000 - 0x00007ffd3f302000 	C:\Windows\SYSTEM32\kernel.appcore.dll
0x00007ffd400c0000 - 0x00007ffd400ca000 	C:\Users\user\.jdks\corretto-17.0.4\bin\jimage.dll
0x00007ffd41920000 - 0x00007ffd41b04000 	C:\Windows\SYSTEM32\DBGHELP.DLL
0x00007ffd41870000 - 0x00007ffd4189c000 	C:\Windows\SYSTEM32\dbgcore.DLL
0x00007ffd42150000 - 0x00007ffd421d2000 	C:\Windows\System32\bcryptPrimitives.dll
0x00007ffd40080000 - 0x00007ffd4008e000 	C:\Users\user\.jdks\corretto-17.0.4\bin\instrument.dll
0x00007ffd3a0f0000 - 0x00007ffd3a115000 	C:\Users\user\.jdks\corretto-17.0.4\bin\java.dll

dbghelp: loaded successfully - version: 4.0.5 - missing functions: none
symbol engine: initialized successfully - sym options: 0x614 - pdb path: .;C:\Users\user\.jdks\corretto-17.0.4\bin;C:\Windows\SYSTEM32;C:\Windows\WinSxS\amd64_microsoft.windows.common-controls_6595b64144ccf1df_6.0.19041.1110_none_60b5254171f9507e;C:\Users\user\.jdks\corretto-17.0.4\bin\server

VM Arguments:
jvm_args: -ea -Didea.test.cyclic.buffer.size=1048576 -javaagent:C:\Program Files\JetBrains\IntelliJ IDEA 2022.2\lib\idea_rt.jar=55366:C:\Program Files\JetBrains\IntelliJ IDEA 2022.2\bin -Dfile.encoding=UTF-8 
java_command: com.intellij.rt.junit.JUnitStarter -ideVersion5 -junit4 com.epam.rd.autotasks.SortingTest,testSortedArraysCase
java_class_path (initial): C:\Program Files\JetBrains\IntelliJ IDEA 2022.2\lib\idea_rt.jar;C:\Program Files\JetBrains\IntelliJ IDEA 2022.2\plugins\junit\lib\junit5-rt.jar;C:\Program Files\JetBrains\IntelliJ IDEA 2022.2\plugins\junit\lib\junit-rt.jar;D:\Documents\java\epam-tasks\autocode-projects-from-git\test-sorting\target\classes;C:\Users\user\.m2\repository\junit\junit\4.12\junit-4.12.jar;C:\Users\user\.m2\repository\org\hamcrest\hamcrest-core\1.3\hamcrest-core-1.3.jar
Launcher Type: SUN_STANDARD

[Global flags]
     intx CICompilerCount                          = 4                                         {product} {ergonomic}
     uint ConcGCThreads                            = 3                                         {product} {ergonomic}
     uint G1ConcRefinementThreads                  = 10                                        {product} {ergonomic}
   size_t G1HeapRegionSize                         = 2097152                                   {product} {ergonomic}
    uintx GCDrainStackTargetSize                   = 64                                        {product} {ergonomic}
   size_t InitialHeapSize                          = 266338304                                 {product} {ergonomic}
   size_t MarkStackSize                            = 4194304                                   {product} {ergonomic}
   size_t MaxHeapSize                              = 4234149888                                {product} {ergonomic}
   size_t MinHeapDeltaBytes                        = 2097152                                   {product} {ergonomic}
   size_t MinHeapSize                              = 8388608                                   {product} {ergonomic}
    uintx NonNMethodCodeHeapSize                   = 5839372                                {pd product} {ergonomic}
    uintx NonProfiledCodeHeapSize                  = 122909434                              {pd product} {ergonomic}
    uintx ProfiledCodeHeapSize                     = 122909434                              {pd product} {ergonomic}
    uintx ReservedCodeCacheSize                    = 251658240                              {pd product} {ergonomic}
     bool SegmentedCodeCache                       = true                                      {product} {ergonomic}
   size_t SoftMaxHeapSize                          = 4234149888                             {manageable} {ergonomic}
     bool UseCompressedClassPointers               = true                           {product lp64_product} {ergonomic}
     bool UseCompressedOops                        = true                           {product lp64_product} {ergonomic}
     bool UseG1GC                                  = true                                      {product} {ergonomic}
     bool UseLargePagesIndividualAllocation        = false                                  {pd product} {ergonomic}

Logging:
Log output configuration:
 #0: stdout all=warning uptime,level,tags
 #1: stderr all=off uptime,level,tags

Environment Variables:
JAVA_HOME=C:\Program Files\Java\jdk-18.0.2.1
PATH=C:\Windows\system32;C:\Windows;C:\Windows\System32\Wbem;C:\Windows\System32\WindowsPowerShell\v1.0\;C:\Windows\System32\OpenSSH\;C:\Program Files\Git\cmd;C:\Program Files\Java\jdk-18.0.2.1\bin;C:\Program Files\apache-maven-3.8.6\bin;C:\Users\user\AppData\Local\Microsoft\WindowsApps;;C:\Program Files\JetBrains\IntelliJ IDEA 2022.2\bin;
USERNAME=user
OS=Windows_NT
PROCESSOR_IDENTIFIER=Intel64 Family 6 Model 165 Stepping 2, GenuineIntel
TMP=C:\Users\user\AppData\Local\Temp
TEMP=C:\Users\user\AppData\Local\Temp



---------------  S Y S T E M  ---------------

OS:
 Windows 10 , 64 bit Build 19041 (10.0.19041.1889)
OS uptime: 8 days 20:59 hours

CPU: total 12 (initial active 12) (6 cores per cpu, 2 threads per core) family 6 model 165 stepping 2 microcode 0xec, cx8, cmov, fxsr, ht, mmx, 3dnowpref, sse, sse2, sse3, ssse3, sse4.1, sse4.2, popcnt, lzcnt, tsc, tscinvbit, avx, avx2, aes, erms, clmul, bmi1, bmi2, adx, fma, vzeroupper, clflush, clflushopt

Memory: 4k page, system-wide physical 16151M (959M free)
TotalPageFile size 30934M (AvailPageFile size 3M)
current process WorkingSet (physical memory assigned to process): 10M, peak: 10M
current process commit charge ("private bytes"): 63M, peak: 64M

vm_info: OpenJDK 64-Bit Server VM (17.0.4+8-LTS) for windows-amd64 JRE (17.0.4+8-LTS), built on Jul 15 2022 17:12:09 by "Administrator" with MS VC++ 15.9 (VS2017)

END.
